2025-04-04 10:58:46.642496 - Received CBT.V508.FILE513.PDS from FILE513.XMI 
2025-04-04 10:58:46.643594 - Found $$$#DATE.txt (text/plain) in CBT.V508.FILE513.PDS, moved to PDS/$$$#DATE
2025-04-04 10:58:46.643747 - Found $$ASM.txt (text/plain) in CBT.V508.FILE513.PDS, moved to PDS/$$ASM
2025-04-04 10:58:46.643900 - Found $$DOC.txt (text/plain) in CBT.V508.FILE513.PDS, moved to PDS/$$DOC
2025-04-04 10:58:46.644253 - Found @FILE513.txt (text/plain) in CBT.V508.FILE513.PDS, moved to PDS/@FILE513
2025-04-04 10:58:46.644430 - Found @MVSX08.txt (text/plain) in CBT.V508.FILE513.PDS, moved to PDS/@MVSX08
2025-04-04 10:58:46.644611 - Found FIN.txt (text/plain) in CBT.V508.FILE513.PDS, moved to PDS/FIN
2025-04-04 10:58:46.644750 - Found INFECHAA.txt (text/plain) in CBT.V508.FILE513.PDS, moved to PDS/INFECHAA
2025-04-04 10:58:46.644883 - Found INFECHSA.txt (text/plain) in CBT.V508.FILE513.PDS, moved to PDS/INFECHSA
2025-04-04 10:58:46.645014 - Found INICIO.txt (text/plain) in CBT.V508.FILE513.PDS, moved to PDS/INICIO
2025-04-04 10:58:46.645137 - Found MDALDIN.txt (text/plain) in CBT.V508.FILE513.PDS, moved to PDS/MDALDIN
2025-04-04 10:58:46.645268 - Found MDCATSI.txt (text/plain) in CBT.V508.FILE513.PDS, moved to PDS/MDCATSI
2025-04-04 10:58:46.645391 - Found MDCVLOG.txt (text/plain) in CBT.V508.FILE513.PDS, moved to PDS/MDCVLOG
2025-04-04 10:58:46.645514 - Found MDFECHA.txt (text/plain) in CBT.V508.FILE513.PDS, moved to PDS/MDFECHA
2025-04-04 10:58:46.645679 - Found MDFECHS.txt (text/plain) in CBT.V508.FILE513.PDS, moved to PDS/MDFECHS
2025-04-04 10:58:46.645802 - Found MDTPUT.txt (text/plain) in CBT.V508.FILE513.PDS, moved to PDS/MDTPUT
2025-04-04 10:58:46.645920 - Found OPERLOG.txt (text/plain) in CBT.V508.FILE513.PDS, moved to PDS/OPERLOG
2025-04-04 10:58:46.646047 - Found SYVERLOG.txt (text/plain) in CBT.V508.FILE513.PDS, moved to PDS/SYVERLOG
2025-04-04 10:58:46.646185 - Found VERLOG.txt (text/plain) in CBT.V508.FILE513.PDS, moved to PDS/VERLOG
2025-04-04 10:58:46.646304 - Found VLOGH00.txt (text/plain) in CBT.V508.FILE513.PDS, moved to PDS/VLOGH00
2025-04-04 10:58:46.646420 - Found VLOGP00.txt (text/plain) in CBT.V508.FILE513.PDS, moved to PDS/VLOGP00
2025-04-04 10:58:46.646615 - Found VPWDOC.doc (application/msword) in CBT.V508.FILE513.PDS, moved to docs/VPWDOC.doc
